                        blizzard 00:08:30:d7:77:20 -65  1       Y  US WPA2(802.1x/AES/AES) 
                        blizzard 00:08:30:e5:63:6f -80  36,+1   Y  US WPA2(802.1x/AES/AES) 
                        blizzard 00:08:30:d7:c6:ff -83  48,-1   Y  US WPA2(802.1x/AES/AES) 
                        blizzard 08:d0:9f:87:b6:7f -87  149,+1  Y  US WPA2(802.1x/AES/AES) 
                        blizzard 04:c5:a4:67:a0:cf -88  157,+1  Y  US WPA2(802.1x/AES/AES) 
                        blizzard d8:24:bd:2f:57:2f -85  36,+1   Y  US WPA2(802.1x/AES/AES) 
                        blizzard 00:08:30:e5:73:8f -88  56,-1   Y  US WPA2(802.1x/AES/AES) 
                        blizzard 08:d0:9f:8f:6c:6f -84  64,-1   Y  US WPA2(802.1x/AES/AES) 
                        blizzard 00:08:30:d7:cc:b0 -77  6       Y  US WPA2(802.1x/AES/AES) 
                        blizzard 08:d0:9f:8f:6c:80 -64  11      Y  US WPA2(802.1x/AES/AES) 
                        blizzard 08:d0:9f:8f:76:8f -88  48,-1   Y  US WPA2(802.1x/AES/AES) 
                        blizzard 00:08:30:d7:ae:40 -57  6       Y  US WPA2(802.1x/AES/AES) 
                        blizzard 00:08:30:d7:be:60 -72  1       Y  US WPA2(802.1x/AES/AES) 
                        blizzard 08:d0:9f:8f:c4:c0 -68  1       Y  US WPA2(802.1x/AES/AES) 
                        blizzard d8:24:bd:4e:81:7f -87  56,-1   Y  US WPA2(802.1x/AES/AES) 
                        blizzard 00:08:30:d7:cc:bf -76  149,+1  Y  US WPA2(802.1x/AES/AES) 
                        blizzard 08:d0:9f:87:ac:bf -78  157,+1  Y  US WPA2(802.1x/AES/AES) 
                        blizzard 00:08:30:e5:79:0f -78  157,+1  Y  US WPA2(802.1x/AES/AES) 
                        blizzard 00:08:30:d7:be:6f -79  56,-1   Y  US WPA2(802.1x/AES/AES) 
                        blizzard 08:d0:9f:87:ac:b0 -76  11      Y  US WPA2(802.1x/AES/AES) 
                        blizzard 00:08:30:d7:77:2f -83  36,+1   Y  US WPA2(802.1x/AES/AES) 
                        blizzard 08:d0:9f:8f:6c:8f -63  36,+1   Y  US WPA2(802.1x/AES/AES) 
                        blizzard 00:08:30:d7:ae:4f -56  149,+1  Y  US WPA2(802.1x/AES/AES) 
                        blizzard 08:d0:9f:8f:c4:cf -67  64,-1   Y  US WPA2(802.1x/AES/AES) 
