00:08:30:e5:63:6f -80
00:08:30:d7:c6:ff -83
08:d0:9f:87:b6:7f -87
04:c5:a4:67:a0:cf -88
d8:24:bd:2f:57:2f -85
00:08:30:e5:73:8f -88
08:d0:9f:8f:6c:6f -84
00:08:30:d7:cc:b0 -77
08:d0:9f:8f:6c:80 -64
08:d0:9f:8f:76:8f -88
00:08:30:d7:ae:40 -57
00:08:30:d7:be:60 -72
08:d0:9f:8f:c4:c0 -68
d8:24:bd:4e:81:7f -87
00:08:30:d7:cc:bf -76
08:d0:9f:87:ac:bf -78
00:08:30:e5:79:0f -78
00:08:30:d7:be:6f -79
08:d0:9f:87:ac:b0 -76
00:08:30:d7:77:2f -83
08:d0:9f:8f:6c:8f -63
00:08:30:d7:ae:4f -56
08:d0:9f:8f:c4:cf -67
